C51 COMPILER V9.00   CESHI                                                                 05/26/2017 20:39:34 PAGE 1   


C51 COMPILER V9.00, COMPILATION OF MODULE CESHI
OBJECT MODULE PLACED IN ceshi.OBJ
COMPILER INVOKED BY: D:\Keil4\C51\BIN\C51.EXE ceshi.c BROWSE DEBUG OBJECTEXTEND

line level    source

*** WARNING C500 IN LINE 1 OF CESHI.C: LICENSE ERROR (R208: RENEW LICENSE ID CODE (LIC))

   1          #include <studio.h>
*** WARNING C318 IN LINE 1 OF ceshi.c: can't open file 'studio.h'
   2          void main()
   3          {
   4   1      char aa[]={1,2,3,4,5,6,7,8,9};
   5   1      aa[2]='.';
   6   1      }


MODULE INFORMATION:   STATIC OVERLAYABLE
   CODE SIZE        =     23    ----
   CONSTANT SIZE    =      9    ----
   XDATA SIZE       =   ----    ----
   PDATA SIZE       =   ----    ----
   DATA SIZE        =   ----       9
   IDATA SIZE       =   ----    ----
   BIT SIZE         =   ----    ----
END OF MODULE INFORMATION.


C51 COMPILATION COMPLETE.  2 WARNING(S),  0 ERROR(S)
